TN:
SF:src/App.tsx
FN:3,App
FN:7,addToList
FN:13,removeFromList
FN:21,onChange
FN:28,onClick
FNF:5
FNH:5
FNDA:9,App
FNDA:1,addToList
FNDA:1,removeFromList
FNDA:4,onChange
FNDA:1,onClick
DA:1,1
DA:2,1
DA:3,9
DA:4,9
DA:5,9
DA:6,9
DA:7,9
DA:8,1
DA:9,1
DA:10,1
DA:11,1
DA:12,9
DA:13,9
DA:14,1
DA:15,1
DA:16,1
DA:17,1
DA:18,9
DA:19,9
DA:20,9
DA:21,9
DA:22,9
DA:23,9
DA:24,9
DA:25,9
DA:26,33
DA:27,33
DA:28,33
DA:29,33
DA:30,9
DA:31,9
DA:32,9
DA:33,9
DA:34,9
DA:35,1
DA:36,1
LF:36
LH:36
BRDA:3,0,0,9
BRDA:7,1,0,1
BRDA:8,2,0,1
BRDA:9,3,0,1
BRDA:13,4,0,1
BRDA:14,5,0,1
BRDA:15,6,0,1
BRDA:15,7,0,4
BRDA:21,8,0,4
BRDA:25,9,0,33
BRDA:28,10,0,1
BRF:11
BRH:11
end_of_record
